<?xml version="1.0" encoding="UTF-8"?>
<testsuite name="sele_tests.ResTest-20201213230001" tests="1" file="sele_tests.py" time="4.652" timestamp="2020-12-13T23:00:06" failures="0" errors="0" skipped="0">
	<testcase classname="sele_tests.ResTest" name="test_should_issue_res_message" time="4.652" timestamp="2020-12-13T23:00:06"/>
</testsuite>
