<?xml version="1.0" encoding="UTF-8"?>
<testsuite name="sele_tests.ResTest-20201213230513" tests="1" file="sele_tests.py" time="10.960" timestamp="2020-12-13T23:05:24" failures="0" errors="0" skipped="0">
	<testcase classname="sele_tests.ResTest" name="test_should_issue_res_message" time="10.960" timestamp="2020-12-13T23:05:24"/>
</testsuite>
